PHP Warning:  PHP Startup:  in Unknown on line 0
[Fri Oct 25 23:09:57 2019] [notice] Apache/2.2.25 (Win32) DAV/2 SVN/1.8.17 PHP/5.4.45 configured -- resuming normal operations
[Fri Oct 25 23:09:57 2019] [notice] Server built: Jul 10 2013 01:52:12
[Fri Oct 25 23:09:57 2019] [notice] Parent: Created child process 7348
Apache server shutdown initiated...
wn on line 0
[Fri Oct 25 23:09:58 2019] [notice] Child 7348: Child process is running
[Fri Oct 25 23:09:58 2019] [notice] Child 7348: Acquired the start mutex.
[Fri Oct 25 23:09:58 2019] [notice] Child 7348: Starting 10 worker threads.
[Fri Oct 25 23:09:58 2019] [notice] Child 7348: Starting thread to listen on port 80.
[Fri Oct 25 23:10:11 2019] [notice] Parent: Received shutdown signal -- Shutting down the server.
[Fri Oct 25 23:10:11 2019] [notice] Child 7348: Exit event signaled. Child process is ending.
[Fri Oct 25 23:10:12 2019] [notice] Child 7348: Released the start mutex
[Fri Oct 25 23:10:13 2019] [notice] Child 7348: All worker threads have exited.
[Fri Oct 25 23:10:13 2019] [notice] Child 7348: Child process is exiting
[Fri Oct 25 23:10:13 2019] [notice] Parent: Child process exited successfully.
PHP Warning:  PHP Startup:  in Unknown on line 0
[Fri Oct 25 23:10:15 2019] [notice] Apache/2.2.25 (Win32) DAV/2 SVN/1.8.17 PHP/5.4.45 configured -- resuming normal operations
[Fri Oct 25 23:10:15 2019] [notice] Server built: Jul 10 2013 01:52:12
[Fri Oct 25 23:10:15 2019] [notice] Parent: Created child process 3872
Apache server shutdown initiated...
wn on line 0
[Fri Oct 25 23:10:15 2019] [notice] Child 3872: Child process is running
[Fri Oct 25 23:10:15 2019] [notice] Child 3872: Acquired the start mutex.
[Fri Oct 25 23:10:15 2019] [notice] Child 3872: Starting 10 worker threads.
[Fri Oct 25 23:10:15 2019] [notice] Child 3872: Starting thread to listen on port 80.
[Fri Oct 25 23:10:19 2019] [notice] Parent: Received shutdown signal -- Shutting down the server.
[Fri Oct 25 23:10:19 2019] [notice] Child 3872: Exit event signaled. Child process is ending.
[Fri Oct 25 23:10:20 2019] [notice] Child 3872: Released the start mutex
[Fri Oct 25 23:10:21 2019] [notice] Child 3872: All worker threads have exited.
[Fri Oct 25 23:10:21 2019] [notice] Child 3872: Child process is exiting
[Fri Oct 25 23:10:21 2019] [notice] Parent: Child process exited successfully.
PHP Warning:  PHP Startup:  in Unknown on line 0
[Fri Oct 25 23:10:57 2019] [notice] Apache/2.2.25 (Win32) DAV/2 SVN/1.8.17 PHP/5.4.45 configured -- resuming normal operations
[Fri Oct 25 23:10:57 2019] [notice] Server built: Jul 10 2013 01:52:12
[Fri Oct 25 23:10:57 2019] [notice] Parent: Created child process 6596
Apache server shutdown initiated...
wn on line 0
[Fri Oct 25 23:10:57 2019] [notice] Child 6596: Child process is running
[Fri Oct 25 23:10:57 2019] [notice] Child 6596: Acquired the start mutex.
[Fri Oct 25 23:10:57 2019] [notice] Child 6596: Starting 10 worker threads.
[Fri Oct 25 23:10:57 2019] [notice] Child 6596: Starting thread to listen on port 80.
[Fri Oct 25 23:11:07 2019] [notice] Parent: Received shutdown signal -- Shutting down the server.
[Fri Oct 25 23:11:07 2019] [notice] Child 6596: Exit event signaled. Child process is ending.
[Fri Oct 25 23:11:08 2019] [notice] Child 6596: Released the start mutex
[Fri Oct 25 23:11:09 2019] [notice] Child 6596: All worker threads have exited.
[Fri Oct 25 23:11:09 2019] [notice] Child 6596: Child process is exiting
[Fri Oct 25 23:11:09 2019] [notice] Parent: Child process exited successfully.
PHP Warning:  PHP Startup:  in Unknown on line 0
[Fri Oct 25 23:11:11 2019] [notice] Apache/2.2.25 (Win32) DAV/2 SVN/1.8.17 PHP/5.4.45 configured -- resuming normal operations
[Fri Oct 25 23:11:11 2019] [notice] Server built: Jul 10 2013 01:52:12
[Fri Oct 25 23:11:11 2019] [notice] Parent: Created child process 6604
Apache server shutdown initiated...
wn on line 0
[Fri Oct 25 23:11:12 2019] [notice] Child 6604: Child process is running
[Fri Oct 25 23:11:12 2019] [notice] Child 6604: Acquired the start mutex.
[Fri Oct 25 23:11:12 2019] [notice] Child 6604: Starting 10 worker threads.
[Fri Oct 25 23:11:12 2019] [notice] Child 6604: Starting thread to listen on port 80.
[Fri Oct 25 23:13:27 2019] [notice] Parent: Received shutdown signal -- Shutting down the server.
[Fri Oct 25 23:13:27 2019] [notice] Child 6604: Exit event signaled. Child process is ending.
[Fri Oct 25 23:13:28 2019] [notice] Child 6604: Released the start mutex
[Fri Oct 25 23:13:29 2019] [notice] Child 6604: All worker threads have exited.
[Fri Oct 25 23:13:29 2019] [notice] Child 6604: Child process is exiting
[Fri Oct 25 23:13:29 2019] [notice] Parent: Child process exited successfully.
PHP Warning:  PHP Startup:  in Unknown on line 0
[Fri Oct 25 23:13:34 2019] [notice] Apache/2.2.25 (Win32) DAV/2 SVN/1.8.17 PHP/5.4.45 configured -- resuming normal operations
[Fri Oct 25 23:13:34 2019] [notice] Server built: Jul 10 2013 01:52:12
[Fri Oct 25 23:13:34 2019] [notice] Parent: Created child process 6708
Apache server shutdown initiated...
wn on line 0
[Fri Oct 25 23:13:34 2019] [notice] Child 6708: Child process is running
[Fri Oct 25 23:13:34 2019] [notice] Child 6708: Acquired the start mutex.
[Fri Oct 25 23:13:34 2019] [notice] Child 6708: Starting 10 worker threads.
[Fri Oct 25 23:13:34 2019] [notice] Child 6708: Starting thread to listen on port 80.
[Fri Oct 25 23:13:50 2019] [notice] Parent: Received shutdown signal -- Shutting down the server.
[Fri Oct 25 23:13:50 2019] [notice] Child 6708: Exit event signaled. Child process is ending.
[Fri Oct 25 23:13:52 2019] [notice] Child 6708: Released the start mutex
[Fri Oct 25 23:13:53 2019] [notice] Child 6708: All worker threads have exited.
[Fri Oct 25 23:13:53 2019] [notice] Child 6708: Child process is exiting
[Fri Oct 25 23:13:53 2019] [notice] Parent: Child process exited successfully.
