2018-08-20 09:17:50,060 INFO  - Starting ServiceWrapper in the service mode
2018-08-20 09:17:51,010 INFO  - Starting C:\apnode\WinswPHP56x64NTS\phpfpm.exe  "C:/apnode/WinswPHP56x64NTS/php-cgi.exe -c C:/apnode/WinswPHP56x64NTS/php.ini" -n 2 -i 127.0.0.1 -p 9006 -r "C:/apnode/WinswPHP56x64NTS/"
2018-08-20 09:17:51,094 INFO  - Starting C:\apnode\WinswPHP56x64NTS\phpfpm.exe  "C:/apnode/WinswPHP56x64NTS/php-cgi.exe -c C:/apnode/WinswPHP56x64NTS/php.ini" -n 2 -i 127.0.0.1 -p 9006 -r "C:/apnode/WinswPHP56x64NTS/"
2018-08-20 09:17:51,896 INFO  - Started process 4952
2018-08-20 09:17:51,951 DEBUG - Forwarding logs of the process System.Diagnostics.Process (phpfpm) to winsw.TimeBasedRollingLogAppender
2018-08-20 11:14:38,568 INFO  - Stopping WinswPHP56x64NTS
2018-08-20 11:14:38,737 DEBUG - ProcessKill 4952
2018-08-20 11:15:16,507 INFO  - Starting ServiceWrapper in the service mode
2018-08-20 11:15:16,706 INFO  - Starting C:\apnode\WinswPHP56x64NTS\phpfpm.exe  "C:/apnode/WinswPHP56x64NTS/php-cgi.exe -c C:/apnode/WinswPHP56x64NTS/php.ini" -n 2 -i 127.0.0.1 -p 9006 -r "C:/apnode/WinswPHP56x64NTS/"
2018-08-20 11:15:16,713 INFO  - Starting C:\apnode\WinswPHP56x64NTS\phpfpm.exe  "C:/apnode/WinswPHP56x64NTS/php-cgi.exe -c C:/apnode/WinswPHP56x64NTS/php.ini" -n 2 -i 127.0.0.1 -p 9006 -r "C:/apnode/WinswPHP56x64NTS/"
2018-08-20 11:15:16,877 INFO  - Started process 3556
2018-08-20 11:15:16,879 DEBUG - Forwarding logs of the process System.Diagnostics.Process (phpfpm) to winsw.TimeBasedRollingLogAppender
2018-08-20 18:24:57,313 INFO  - Stopping WinswPHP56x64NTS
2018-08-20 18:24:57,413 DEBUG - ProcessKill 3556
2018-08-20 18:24:59,796 WARN  - Failed to locate children of the process with PID=3556. Child processes won't be terminated
System.Runtime.InteropServices.COMException (0x8007045B): 系统正在关机。 (异常来自 HRESULT:0x8007045B)
   在 System.Runtime.InteropServices.Marshal.ThrowExceptionForHRInternal(Int32 errorCode, IntPtr errorInfo)
   在 System.Management.ManagementScope.InitializeGuts(Object o)
   在 System.Management.ManagementScope.Initialize()
   在 System.Management.ManagementObjectSearcher.Initialize()
   在 System.Management.ManagementObjectSearcher.Get()
   在 winsw.Util.ProcessHelper.GetChildPids(Int32 pid)
2018-08-20 18:25:00,007 INFO  - Stopping process 3556
2018-08-20 18:25:00,007 INFO  - Send SIGINT 3556
2018-08-20 18:25:00,009 WARN  - SIGINT to 3556 failed - Killing as fallback
2018-08-20 18:25:00,021 INFO  - Finished WinswPHP56x64NTS
2018-08-20 18:25:00,022 DEBUG - Completed. Exit code is 0
2018-08-21 09:11:43,910 INFO  - Starting ServiceWrapper in the service mode
2018-08-21 09:11:44,069 INFO  - Starting C:\apnode\WinswPHP56x64NTS\phpfpm.exe  "C:/apnode/WinswPHP56x64NTS/php-cgi.exe -c C:/apnode/WinswPHP56x64NTS/php.ini" -n 2 -i 127.0.0.1 -p 9006 -r "C:/apnode/WinswPHP56x64NTS/"
2018-08-21 09:11:44,076 INFO  - Starting C:\apnode\WinswPHP56x64NTS\phpfpm.exe  "C:/apnode/WinswPHP56x64NTS/php-cgi.exe -c C:/apnode/WinswPHP56x64NTS/php.ini" -n 2 -i 127.0.0.1 -p 9006 -r "C:/apnode/WinswPHP56x64NTS/"
2018-08-21 09:11:44,137 INFO  - Started process 3600
2018-08-21 09:11:44,144 DEBUG - Forwarding logs of the process System.Diagnostics.Process (phpfpm) to winsw.TimeBasedRollingLogAppender
2018-08-21 16:28:10,762 INFO  - Stopping WinswPHP56x64NTS
2018-08-21 16:28:10,803 DEBUG - ProcessKill 3600
2018-08-21 16:28:10,875 INFO  - Found child process: 3664 Name: conhost.exe
2018-08-21 16:28:10,875 INFO  - Found child process: 3836 Name: php-cgi.exe
2018-08-21 16:28:10,876 INFO  - Found child process: 3844 Name: php-cgi.exe
2018-08-21 16:28:10,927 INFO  - Stopping process 3664
2018-08-21 16:28:10,930 INFO  - Send SIGINT 3664
2018-08-21 16:28:10,932 WARN  - SIGINT to 3664 failed - Killing as fallback
2018-08-21 16:28:10,968 INFO  - Found child process: 3852 Name: conhost.exe
2018-08-21 16:28:11,016 INFO  - Stopping process 3852
2018-08-21 16:28:11,018 INFO  - Send SIGINT 3852
2018-08-21 16:28:11,018 WARN  - SIGINT to 3852 failed - Killing as fallback
2018-08-21 16:28:11,018 INFO  - Stopping process 3836
2018-08-21 16:28:11,020 INFO  - Send SIGINT 3836
2018-08-21 16:28:11,059 WARN  - SIGINT to 3836 failed - Killing as fallback
2018-08-21 16:28:11,129 INFO  - Found child process: 3860 Name: conhost.exe
2018-08-21 16:28:11,185 INFO  - Stopping process 3860
2018-08-21 16:28:11,188 INFO  - Send SIGINT 3860
2018-08-21 16:28:11,188 WARN  - SIGINT to 3860 failed - Killing as fallback
2018-08-21 16:28:11,189 INFO  - Stopping process 3844
2018-08-21 16:28:11,190 INFO  - Send SIGINT 3844
2018-08-21 16:28:11,214 WARN  - SIGINT to 3844 failed - Killing as fallback
2018-08-21 16:28:11,215 INFO  - Stopping process 3600
2018-08-21 16:28:11,219 INFO  - Send SIGINT 3600
2018-08-21 16:28:11,219 WARN  - SIGINT to 3600 failed - Killing as fallback
2018-08-21 16:28:11,221 INFO  - Finished WinswPHP56x64NTS
2018-08-21 16:28:11,222 DEBUG - Completed. Exit code is 0
